uv --directory kmir run pytest /home/github-user/workspace/kmir/src/tests/integration --maxfail=1 --verbose \
		--durations=0 --numprocesses=4 --dist=worksteal
============================= test session starts ==============================
platform linux -- Python 3.10.12, pytest-8.4.1, pluggy-1.6.0 -- /home/github-user/workspace/kmir/.venv/bin/python
cachedir: .pytest_cache
hypothesis profile 'default'
rootdir: /home/github-user/workspace/kmir
configfile: pyproject.toml
plugins: cov-6.2.1, kmir-0.3.181, xdist-3.8.0, hypothesis-6.136.6, kframework-7.1.280, mock-3.14.1
created: 4/4 workers
4 workers [171 items]
scheduling tests via WorkStealingScheduling
src/tests/integration/test_cli.py::test_cli_show_printers_snapshot
src/tests/integration/test_integration.py::test_exec_smir[Ref-weirdRefs-haskell]
src/tests/integration/test_integration.py::test_prove_rs[assert_eq]
src/tests/integration/test_integration.py::test_schema_parse[rvalueaggregate]
[gw3] [  0%] PASSED src/tests/integration/test_integration.py::test_schema_parse[rvalueaggregate]
src/tests/integration/test_integration.py::test_schema_parse[statementassign1]
[gw3] [  1%] PASSED src/tests/integration/test_integration.py::test_schema_parse[statementassign1]
src/tests/integration/test_integration.py::test_schema_parse[statementassign2]
[gw3] [  1%] PASSED src/tests/integration/test_integration.py::test_schema_parse[statementassign2]
src/tests/integration/test_integration.py::test_schema_parse[aggregatekindadt]
[gw1] [  2%] PASSED src/tests/integration/test_cli.py::test_cli_show_printers_snapshot
src/tests/integration/test_cli.py::test_cli_info_snapshot
[gw1] [  2%] PASSED src/tests/integration/test_cli.py::test_cli_info_snapshot
src/tests/integration/test_cli.py::test_cli_link_counts_snapshot
[gw1] [  3%] PASSED src/tests/integration/test_cli.py::test_cli_link_counts_snapshot
src/tests/integration/test_cli.py::test_cli_prune_snapshot
[gw2] [  4%] PASSED src/tests/integration/test_integration.py::test_exec_smir[Ref-weirdRefs-haskell]
src/tests/integration/test_integration.py::test_exec_smir[enum-discriminants-llvm]
[gw3] [  4%] PASSED src/tests/integration/test_integration.py::test_schema_parse[aggregatekindadt]
src/tests/integration/test_integration.py::test_schema_parse[functions]
[gw2] [  5%] PASSED src/tests/integration/test_integration.py::test_exec_smir[enum-discriminants-llvm]
src/tests/integration/test_integration.py::test_exec_smir[enum-discriminants-haskell]
[gw3] [  5%] PASSED src/tests/integration/test_integration.py::test_schema_parse[functions]
src/tests/integration/test_integration.py::test_schema_parse[body]
[gw0] [  6%] PASSED src/tests/integration/test_integration.py::test_prove_rs[assert_eq]
src/tests/integration/test_integration.py::test_prove_rs[strange-ref-deref]
[gw3] [  7%] PASSED src/tests/integration/test_integration.py::test_schema_parse[body]
src/tests/integration/test_integration.py::test_schema_parse[monoitem]
[gw2] [  7%] PASSED src/tests/integration/test_integration.py::test_exec_smir[enum-discriminants-haskell]
src/tests/integration/test_integration.py::test_exec_smir[Array-indexing-llvm]
[gw1] [  8%] PASSED src/tests/integration/test_cli.py::test_cli_prune_snapshot
src/tests/integration/test_integration.py::test_prove_rs[offset-u8-fail]
[gw2] [  8%] PASSED src/tests/integration/test_integration.py::test_exec_smir[Array-indexing-llvm]
src/tests/integration/test_integration.py::test_exec_smir[Array-indexing-haskell]
[gw3] [  9%] PASSED src/tests/integration/test_integration.py::test_schema_parse[monoitem]
src/tests/integration/test_integration.py::test_schema_parse[testsort2]
[gw3] [  9%] PASSED src/tests/integration/test_integration.py::test_schema_parse[testsort2]
src/tests/integration/test_integration.py::test_schema_kapply_parse[RigidTy-0]
[gw3] [ 10%] PASSED src/tests/integration/test_integration.py::test_schema_kapply_parse[RigidTy-0]
src/tests/integration/test_integration.py::test_schema_kapply_parse[RigidTy-1]
[gw3] [ 11%] PASSED src/tests/integration/test_integration.py::test_schema_kapply_parse[RigidTy-1]
src/tests/integration/test_integration.py::test_schema_kapply_parse[RigidTy-2]
[gw3] [ 11%] PASSED src/tests/integration/test_integration.py::test_schema_kapply_parse[RigidTy-2]
src/tests/integration/test_integration.py::test_schema_kapply_parse[RigidTy-3]
[gw3] [ 12%] PASSED src/tests/integration/test_integration.py::test_schema_kapply_parse[RigidTy-3]
src/tests/integration/test_integration.py::test_schema_kapply_parse[RigidTy-4]
[gw2] [ 12%] PASSED src/tests/integration/test_integration.py::test_exec_smir[Array-indexing-haskell]
src/tests/integration/test_integration.py::test_exec_smir[Array-index-writes-llvm]
[gw3] [ 13%] PASSED src/tests/integration/test_integration.py::test_schema_kapply_parse[RigidTy-4]
src/tests/integration/test_integration.py::test_schema_kapply_parse[RigidTy-5]
[gw0] [ 14%] PASSED src/tests/integration/test_integration.py::test_prove_rs[strange-ref-deref]
src/tests/integration/test_integration.py::test_prove_rs[pointer-cast-length-test-fail]
[gw3] [ 14%] PASSED src/tests/integration/test_integration.py::test_schema_kapply_parse[RigidTy-5]
src/tests/integration/test_integration.py::test_schema_kapply_parse[RigidTy-6]
[gw3] [ 15%] PASSED src/tests/integration/test_integration.py::test_schema_kapply_parse[RigidTy-6]
src/tests/integration/test_integration.py::test_schema_kapply_parse[RigidTy-7]
[gw3] [ 15%] PASSED src/tests/integration/test_integration.py::test_schema_kapply_parse[RigidTy-7]
src/tests/integration/test_integration.py::test_schema_kapply_parse[RigidTy-8]
[gw3] [ 16%] PASSED src/tests/integration/test_integration.py::test_schema_kapply_parse[RigidTy-8]
src/tests/integration/test_integration.py::test_schema_kapply_parse[RigidTy-9]
[gw2] [ 16%] PASSED src/tests/integration/test_integration.py::test_exec_smir[Array-index-writes-llvm]
src/tests/integration/test_integration.py::test_exec_smir[Array-index-writes-haskell]
[gw3] [ 17%] PASSED src/tests/integration/test_integration.py::test_schema_kapply_parse[RigidTy-9]
src/tests/integration/test_integration.py::test_schema_kapply_parse[RigidTy-10]
[gw3] [ 18%] PASSED src/tests/integration/test_integration.py::test_schema_kapply_parse[RigidTy-10]
src/tests/integration/test_integration.py::test_schema_kapply_parse[RigidTy-11]
[gw3] [ 18%] PASSED src/tests/integration/test_integration.py::test_schema_kapply_parse[RigidTy-11]
src/tests/integration/test_integration.py::test_schema_kapply_parse[RigidTy-12]
[gw3] [ 19%] PASSED src/tests/integration/test_integration.py::test_schema_kapply_parse[RigidTy-12]
src/tests/integration/test_integration.py::test_schema_kapply_parse[RigidTy-13]
[gw3] [ 19%] PASSED src/tests/integration/test_integration.py::test_schema_kapply_parse[RigidTy-13]
src/tests/integration/test_integration.py::test_schema_kapply_parse[RigidTy-14]
[gw3] [ 20%] PASSED src/tests/integration/test_integration.py::test_schema_kapply_parse[RigidTy-14]
src/tests/integration/test_integration.py::test_schema_kapply_parse[RigidTy-15]
[gw3] [ 21%] PASSED src/tests/integration/test_integration.py::test_schema_kapply_parse[RigidTy-15]
src/tests/integration/test_integration.py::test_schema_kapply_parse[TyKind-16]
[gw3] [ 21%] PASSED src/tests/integration/test_integration.py::test_schema_kapply_parse[TyKind-16]
src/tests/integration/test_integration.py::test_schema_kapply_parse[TyKind-17]
[gw3] [ 22%] PASSED src/tests/integration/test_integration.py::test_schema_kapply_parse[TyKind-17]
src/tests/integration/test_integration.py::test_schema_kapply_parse[TyKind-18]
[gw3] [ 22%] PASSED src/tests/integration/test_integration.py::test_schema_kapply_parse[TyKind-18]
src/tests/integration/test_integration.py::test_schema_kapply_parse[TyKind-19]
[gw1] [ 23%] PASSED src/tests/integration/test_integration.py::test_prove_rs[offset-u8-fail]
src/tests/integration/test_integration.py::test_prove_rs[arith]
[gw3] [ 23%] PASSED src/tests/integration/test_integration.py::test_schema_kapply_parse[TyKind-19]
src/tests/integration/test_integration.py::test_schema_kapply_parse[Local-20]
[gw3] [ 24%] PASSED src/tests/integration/test_integration.py::test_schema_kapply_parse[Local-20]
src/tests/integration/test_integration.py::test_schema_kapply_parse[StatementKind-21]
[gw3] [ 25%] PASSED src/tests/integration/test_integration.py::test_schema_kapply_parse[StatementKind-21]
src/tests/integration/test_integration.py::test_schema_kapply_parse[Mutability-22]
[gw3] [ 25%] PASSED src/tests/integration/test_integration.py::test_schema_kapply_parse[Mutability-22]
src/tests/integration/test_integration.py::test_schema_kapply_parse[Span-23]
[gw3] [ 26%] PASSED src/tests/integration/test_integration.py::test_schema_kapply_parse[Span-23]
src/tests/integration/test_integration.py::test_schema_kapply_parse[Ty-24]
[gw3] [ 26%] PASSED src/tests/integration/test_integration.py::test_schema_kapply_parse[Ty-24]
src/tests/integration/test_integration.py::test_schema_kapply_parse[LocalDecl-25]
[gw3] [ 27%] PASSED src/tests/integration/test_integration.py::test_schema_kapply_parse[LocalDecl-25]
src/tests/integration/test_integration.py::test_schema_kapply_parse[FunctionKind-26]
[gw3] [ 28%] PASSED src/tests/integration/test_integration.py::test_schema_kapply_parse[FunctionKind-26]
src/tests/integration/test_integration.py::test_schema_kapply_parse[FunctionKind-27]
[gw3] [ 28%] PASSED src/tests/integration/test_integration.py::test_schema_kapply_parse[FunctionKind-27]
src/tests/integration/test_integration.py::test_schema_kapply_parse[FunctionKind-28]
[gw2] [ 29%] PASSED src/tests/integration/test_integration.py::test_exec_smir[Array-index-writes-haskell]
src/tests/integration/test_integration.py::test_exec_smir[pointer-cast-length-test-llvm]
[gw3] [ 29%] PASSED src/tests/integration/test_integration.py::test_schema_kapply_parse[FunctionKind-28]
src/tests/integration/test_integration.py::test_schema_kapply_parse[Allocation-29]
[gw3] [ 30%] PASSED src/tests/integration/test_integration.py::test_schema_kapply_parse[Allocation-29]
src/tests/integration/test_integration.py::test_schema_kapply_parse[Allocation-30]
[gw3] [ 30%] PASSED src/tests/integration/test_integration.py::test_schema_kapply_parse[Allocation-30]
src/tests/integration/test_integration.py::test_schema_kapply_parse[TypeInfo-31]
[gw3] [ 31%] PASSED src/tests/integration/test_integration.py::test_schema_kapply_parse[TypeInfo-31]
src/tests/integration/test_integration.py::test_schema_kapply_parse[ProjectionElem-32]
[gw3] [ 32%] PASSED src/tests/integration/test_integration.py::test_schema_kapply_parse[ProjectionElem-32]
src/tests/integration/test_integration.py::test_schema_kapply_parse[Statement-33]
[gw2] [ 32%] PASSED src/tests/integration/test_integration.py::test_exec_smir[pointer-cast-length-test-llvm]
src/tests/integration/test_integration.py::test_exec_smir[pointer-cast-length-test-haskell]
[gw3] [ 33%] PASSED src/tests/integration/test_integration.py::test_schema_kapply_parse[Statement-33]
src/tests/integration/test_kmir.py::test_functions[intrinsic_blackbox]
[gw3] [ 33%] PASSED src/tests/integration/test_kmir.py::test_functions[intrinsic_blackbox]
src/tests/integration/test_integration.py::test_exec_smir[struct-field-update-haskell]
[gw3] [ 34%] PASSED src/tests/integration/test_integration.py::test_exec_smir[struct-field-update-haskell]
src/tests/integration/test_integration.py::test_exec_smir[arithmetic-llvm]
[gw1] [ 35%] PASSED src/tests/integration/test_integration.py::test_prove_rs[arith]
src/tests/integration/test_integration.py::test_prove_rs[mutual_recursion]
[gw3] [ 35%] PASSED src/tests/integration/test_integration.py::test_exec_smir[arithmetic-llvm]
src/tests/integration/test_integration.py::test_exec_smir[arithmetic-haskell]
[gw2] [ 36%] PASSED src/tests/integration/test_integration.py::test_exec_smir[pointer-cast-length-test-haskell]
src/tests/integration/test_integration.py::test_exec_smir[Ref-array-elem-ref-llvm]
[gw2] [ 36%] PASSED src/tests/integration/test_integration.py::test_exec_smir[Ref-array-elem-ref-llvm]
src/tests/integration/test_integration.py::test_exec_smir[Ref-array-elem-ref-haskell]
[gw2] [ 37%] PASSED src/tests/integration/test_integration.py::test_exec_smir[Ref-array-elem-ref-haskell]
src/tests/integration/test_integration.py::test_exec_smir[intrinsic-blackbox-llvm]
[gw3] [ 38%] PASSED src/tests/integration/test_integration.py::test_exec_smir[arithmetic-haskell]
src/tests/integration/test_integration.py::test_exec_smir[arithmetic-unchecked-llvm]
[gw2] [ 38%] PASSED src/tests/integration/test_integration.py::test_exec_smir[intrinsic-blackbox-llvm]
src/tests/integration/test_integration.py::test_exec_smir[intrinsic-blackbox-haskell]
[gw3] [ 39%] PASSED src/tests/integration/test_integration.py::test_exec_smir[arithmetic-unchecked-llvm]
src/tests/integration/test_integration.py::test_exec_smir[arithmetic-unchecked-haskell]
[gw1] [ 39%] PASSED src/tests/integration/test_integration.py::test_prove_rs[mutual_recursion]
src/tests/integration/test_integration.py::test_prove_rs[if]
[gw2] [ 40%] PASSED src/tests/integration/test_integration.py::test_exec_smir[intrinsic-blackbox-haskell]